<?xml version="1.0" encoding="utf-8"?><testsuites name="pytest tests"><testsuite name="pytest" errors="0" failures="0" skipped="0" tests="35" time="26.552" timestamp="2026-09-07T10:19:48.568390+00:00" hostname="agent-env-56fce744-0cbe-4b00-99eb-b483f4dc2ea2"><testcase classname="backend.tests.test_backend.TestAuth" name="test_health" time="0.309" /><testcase classname="backend.tests.test_backend.TestAuth" name="test_login_demo" time="0.445" /><testcase classname="backend.tests.test_backend.TestAuth" name="test_login_bad" time="0.371" /><testcase classname="backend.tests.test_backend.TestAuth" name="test_me" time="0.185" /><testcase classname="backend.tests.test_backend.TestAuth" name="test_me_no_token" time="0.126" /><testcase classname="backend.tests.test_backend.TestAuth" name="test_register_creates_isolated_ws" time="0.473" /><testcase classname="backend.tests.test_backend.TestAuth" name="test_register_duplicate_email" time="0.119" /><testcase classname="backend.tests.test_backend.TestDashboard" name="test_dashboard_seeded" time="0.125" /><testcase classname="backend.tests.test_backend.TestLeads" name="test_list_seeded" time="0.151" /><testcase classname="backend.tests.test_backend.TestLeads" name="test_filter_hot" time="0.129" /><testcase classname="backend.tests.test_backend.TestLeads" name="test_search" time="0.126" /><testcase classname="backend.tests.test_backend.TestLeads" name="test_create_lead_and_get" time="4.176" /><testcase classname="backend.tests.test_backend.TestLeads" name="test_create_lead_duplicate_email" time="1.496" /><testcase classname="backend.tests.test_backend.TestLeads" name="test_rescore" time="1.387" /><testcase classname="backend.tests.test_backend.TestLeads" name="test_csv_import_and_dedup" time="3.144" /><testcase classname="backend.tests.test_backend.TestPipeline" name="test_pipeline_board" time="0.172" /><testcase classname="backend.tests.test_backend.TestPipeline" name="test_move_stage" time="0.332" /><testcase classname="backend.tests.test_backend.TestPipeline" name="test_move_stage_invalid" time="0.257" /><testcase classname="backend.tests.test_backend.TestInbox" name="test_conversations" time="3.060" /><testcase classname="backend.tests.test_backend.TestTemplates" name="test_list_and_create" time="0.235" /><testcase classname="backend.tests.test_backend.TestTemplates" name="test_ai_generate" time="2.710" /><testcase classname="backend.tests.test_backend.TestCampaigns" name="test_list" time="0.168" /><testcase classname="backend.tests.test_backend.TestCampaigns" name="test_create_computes_stats" time="0.119" /><testcase classname="backend.tests.test_backend.TestAutomations" name="test_list_toggle_create" time="0.402" /><testcase classname="backend.tests.test_backend.TestAIStudio" name="test_marketing" time="1.858" /><testcase classname="backend.tests.test_backend.TestAIStudio" name="test_command_hot_pune" time="0.144" /><testcase classname="backend.tests.test_backend.TestAIStudio" name="test_command_other" time="0.133" /><testcase classname="backend.tests.test_backend.TestQuotations" name="test_ai_draft_and_create" time="1.907" /><testcase classname="backend.tests.test_backend.TestTeam" name="test_list" time="0.121" /><testcase classname="backend.tests.test_backend.TestTeam" name="test_owner_can_add" time="0.354" /><testcase classname="backend.tests.test_backend.TestTeam" name="test_agent_cannot_add" time="0.508" /><testcase classname="backend.tests.test_backend.TestVault" name="test_add_list_delete_masked" time="0.394" /><testcase classname="backend.tests.test_backend.TestVault" name="test_agent_cannot_add_vault" time="0.119" /><testcase classname="backend.tests.test_backend.TestTenantIsolation" name="test_new_ws_sees_no_demo_data" time="0.374" /><testcase classname="backend.tests.test_backend.TestTenantIsolation" name="test_new_ws_cannot_read_demo_lead" time="0.268" /></testsuite></testsuites>