<?xml version="1.0" encoding="utf-8"?><testsuites name="pytest tests"><testsuite name="pytest" errors="0" failures="0" skipped="0" tests="24" time="42.830" timestamp="2026-09-07T11:49:43.053217+00:00" hostname="agent-env-56fce744-0cbe-4b00-99eb-b483f4dc2ea2"><testcase classname="backend.tests.test_upgrade.TestConsent" name="test_summary" time="0.515" /><testcase classname="backend.tests.test_upgrade.TestConsent" name="test_check_allow" time="3.796" /><testcase classname="backend.tests.test_upgrade.TestConsent" name="test_opt_out_then_blocked" time="0.288" /><testcase classname="backend.tests.test_upgrade.TestConsent" name="test_regrant" time="0.140" /><testcase classname="backend.tests.test_upgrade.TestConsent" name="test_opt_out_registry_lists" time="0.134" /><testcase classname="backend.tests.test_upgrade.TestConsent" name="test_agent_cannot_update_policy" time="0.516" /><testcase classname="backend.tests.test_upgrade.TestConsent" name="test_workspace_disabled_blocks" time="0.542" /><testcase classname="backend.tests.test_upgrade.TestWhatsApp" name="test_connection_default_simulation" time="0.122" /><testcase classname="backend.tests.test_upgrade.TestWhatsApp" name="test_test_send_to_consented" time="1.860" /><testcase classname="backend.tests.test_upgrade.TestWhatsApp" name="test_messages_log" time="0.145" /><testcase classname="backend.tests.test_upgrade.TestWhatsApp" name="test_blocked_send" time="0.235" /><testcase classname="backend.tests.test_upgrade.TestWebhookSimulate" name="test_opt_out_via_webhook" time="1.725" /><testcase classname="backend.tests.test_upgrade.TestWebhookSimulate" name="test_reply_via_webhook" time="1.696" /><testcase classname="backend.tests.test_upgrade.TestStudio" name="test_lifecycle" time="1.085" /><testcase classname="backend.tests.test_upgrade.TestAutopilot" name="test_scheduling_and_stop_on_optout" time="24.568" /><testcase classname="backend.tests.test_upgrade.TestDevApi" name="test_agent_cannot_create_key" time="0.119" /><testcase classname="backend.tests.test_upgrade.TestDevApi" name="test_create_list_use_rotate_revoke" time="1.279" /><testcase classname="backend.tests.test_upgrade.TestAnalytics" name="test_analytics_shape" time="0.140" /><testcase classname="backend.tests.test_upgrade.TestIsolation" name="test_fresh_ws_is_empty" time="1.111" /><testcase classname="backend.tests.test_upgrade.TestIsolation" name="test_cannot_read_other_ws_lead" time="0.244" /><testcase classname="backend.tests.test_upgrade.TestIsolation" name="test_api_key_scoped_to_ws" time="1.759" /><testcase classname="backend.tests.test_upgrade.TestSecretLeakage" name="test_whatsapp_connection_no_secrets_after_save" time="0.411" /><testcase classname="backend.tests.test_upgrade.TestSecretLeakage" name="test_audit_no_secrets" time="0.156" /><testcase classname="backend.tests.test_upgrade.TestSecretLeakage" name="test_dev_key_listing_no_raw_or_hash" time="0.139" /></testsuite></testsuites>